<?xml version="1.0" encoding="UTF-8"?>
<!-- Generated by org.testng.reporters.JUnitXMLReporter -->
<testsuite hostname="Dell-PC" name="Account Create Test(failed)" tests="1" failures="1" timestamp="6 Mar 2015 23:33:04 GMT" time="3.702" errors="0">
  <testcase name="UnderTest" time="0.22" classname="testCases.HybridExecuteTest">
    <failure type="java.lang.NullPointerException">
      <![CDATA[java.lang.NullPointerException
	at operation.UIOperation.perform(UIOperation.java:37)
	at testCases.HybridExecuteTest.UnderTest(HybridExecuteTest.java:37)
... Removed 24 stack frames]]>
    </failure>
  </testcase> <!-- UnderTest -->
</testsuite> <!-- Account Create Test(failed) -->
