<?xml version="1.0" encoding="UTF-8"?>
<!-- Generated by org.testng.reporters.JUnitXMLReporter -->
<testsuite hostname="DESKTOP-7UFOCNL" name="Default test" tests="85" failures="0" timestamp="2 Jan 2017 17:31:45 GMT" time="379.577" errors="0">
  <testcase name="UnderTest" time="63.097" classname="testCases.HybridExecuteTest"/>
  <testcase name="UnderTest" time="19.876" classname="testCases.HybridExecuteTest"/>
  <testcase name="UnderTest" time="1.316" classname="testCases.HybridExecuteTest"/>
  <testcase name="UnderTest" time="0.921" classname="testCases.HybridExecuteTest"/>
  <testcase name="UnderTest" time="3.926" classname="testCases.HybridExecuteTest"/>
  <testcase name="UnderTest" time="4.374" classname="testCases.HybridExecuteTest"/>
  <testcase name="UnderTest" time="0.35" classname="testCases.HybridExecuteTest"/>
  <testcase name="UnderTest" time="10.862" classname="testCases.HybridExecuteTest"/>
  <testcase name="UnderTest" time="27.59" classname="testCases.HybridExecuteTest"/>
  <testcase name="UnderTest" time="1.144" classname="testCases.HybridExecuteTest"/>
  <testcase name="UnderTest" time="3.003" classname="testCases.HybridExecuteTest"/>
  <testcase name="UnderTest" time="0.468" classname="testCases.HybridExecuteTest"/>
  <testcase name="UnderTest" time="0.4" classname="testCases.HybridExecuteTest"/>
  <testcase name="UnderTest" time="3.028" classname="testCases.HybridExecuteTest"/>
  <testcase name="UnderTest" time="0.165" classname="testCases.HybridExecuteTest"/>
  <testcase name="UnderTest" time="0.798" classname="testCases.HybridExecuteTest"/>
  <testcase name="UnderTest" time="3.002" classname="testCases.HybridExecuteTest"/>
  <testcase name="UnderTest" time="0.281" classname="testCases.HybridExecuteTest"/>
  <testcase name="UnderTest" time="1.958" classname="testCases.HybridExecuteTest"/>
  <testcase name="UnderTest" time="22.553" classname="testCases.HybridExecuteTest"/>
  <testcase name="UnderTest" time="0.476" classname="testCases.HybridExecuteTest"/>
  <testcase name="UnderTest" time="1.035" classname="testCases.HybridExecuteTest"/>
  <testcase name="UnderTest" time="14.864" classname="testCases.HybridExecuteTest"/>
  <testcase name="UnderTest" time="5.535" classname="testCases.HybridExecuteTest"/>
  <testcase name="UnderTest" time="0.347" classname="testCases.HybridExecuteTest"/>
  <testcase name="UnderTest" time="0.936" classname="testCases.HybridExecuteTest"/>
  <testcase name="UnderTest" time="0.836" classname="testCases.HybridExecuteTest"/>
  <testcase name="UnderTest" time="0.164" classname="testCases.HybridExecuteTest"/>
  <testcase name="UnderTest" time="3.001" classname="testCases.HybridExecuteTest"/>
  <testcase name="UnderTest" time="0.73" classname="testCases.HybridExecuteTest"/>
  <testcase name="UnderTest" time="11.99" classname="testCases.HybridExecuteTest"/>
  <testcase name="UnderTest" time="0.755" classname="testCases.HybridExecuteTest"/>
  <testcase name="UnderTest" time="1.266" classname="testCases.HybridExecuteTest"/>
  <testcase name="UnderTest" time="0.717" classname="testCases.HybridExecuteTest"/>
  <testcase name="UnderTest" time="3.002" classname="testCases.HybridExecuteTest"/>
  <testcase name="UnderTest" time="0.063" classname="testCases.HybridExecuteTest"/>
  <testcase name="UnderTest" time="9.281" classname="testCases.HybridExecuteTest"/>
  <testcase name="UnderTest" time="5.704" classname="testCases.HybridExecuteTest"/>
  <testcase name="UnderTest" time="2.467" classname="testCases.HybridExecuteTest"/>
  <testcase name="UnderTest" time="3.003" classname="testCases.HybridExecuteTest"/>
  <testcase name="UnderTest" time="0.047" classname="testCases.HybridExecuteTest"/>
  <testcase name="UnderTest" time="10.547" classname="testCases.HybridExecuteTest"/>
  <testcase name="UnderTest" time="5.143" classname="testCases.HybridExecuteTest"/>
  <testcase name="UnderTest" time="2.937" classname="testCases.HybridExecuteTest"/>
  <testcase name="UnderTest" time="3.001" classname="testCases.HybridExecuteTest"/>
  <testcase name="UnderTest" time="0.068" classname="testCases.HybridExecuteTest"/>
  <testcase name="UnderTest" time="9.88" classname="testCases.HybridExecuteTest"/>
  <testcase name="UnderTest" time="5.4" classname="testCases.HybridExecuteTest"/>
  <testcase name="UnderTest" time="0.245" classname="testCases.HybridExecuteTest"/>
  <testcase name="UnderTest" time="3.002" classname="testCases.HybridExecuteTest"/>
  <testcase name="UnderTest" time="0.102" classname="testCases.HybridExecuteTest"/>
  <testcase name="UnderTest" time="0.088" classname="testCases.HybridExecuteTest"/>
  <testcase name="UnderTest" time="10.667" classname="testCases.HybridExecuteTest"/>
  <testcase name="UnderTest" time="5.463" classname="testCases.HybridExecuteTest"/>
  <testcase name="UnderTest" time="0.864" classname="testCases.HybridExecuteTest"/>
  <testcase name="UnderTest" time="3.001" classname="testCases.HybridExecuteTest"/>
  <testcase name="UnderTest" time="0.061" classname="testCases.HybridExecuteTest"/>
  <testcase name="UnderTest" time="10.852" classname="testCases.HybridExecuteTest"/>
  <testcase name="UnderTest" time="5.261" classname="testCases.HybridExecuteTest"/>
  <testcase name="UnderTest" time="3.001" classname="testCases.HybridExecuteTest"/>
  <testcase name="UnderTest" time="0.213" classname="testCases.HybridExecuteTest"/>
  <testcase name="UnderTest" time="0.047" classname="testCases.HybridExecuteTest"/>
  <testcase name="UnderTest" time="15.24" classname="testCases.HybridExecuteTest"/>
  <testcase name="UnderTest" time="0.235" classname="testCases.HybridExecuteTest"/>
  <testcase name="UnderTest" time="1.826" classname="testCases.HybridExecuteTest"/>
  <testcase name="UnderTest" time="0.268" classname="testCases.HybridExecuteTest"/>
  <testcase name="UnderTest" time="0.06" classname="testCases.HybridExecuteTest"/>
  <testcase name="UnderTest" time="0.13" classname="testCases.HybridExecuteTest"/>
  <testcase name="UnderTest" time="0.527" classname="testCases.HybridExecuteTest"/>
  <testcase name="UnderTest" time="0.313" classname="testCases.HybridExecuteTest"/>
  <testcase name="UnderTest" time="0.046" classname="testCases.HybridExecuteTest"/>
  <testcase name="UnderTest" time="12.469" classname="testCases.HybridExecuteTest"/>
  <testcase name="UnderTest" time="5.474" classname="testCases.HybridExecuteTest"/>
  <testcase name="UnderTest" time="1.251" classname="testCases.HybridExecuteTest"/>
  <testcase name="UnderTest" time="3.002" classname="testCases.HybridExecuteTest"/>
  <testcase name="UnderTest" time="0.048" classname="testCases.HybridExecuteTest"/>
  <testcase name="UnderTest" time="10.493" classname="testCases.HybridExecuteTest"/>
  <testcase name="UnderTest" time="1.22" classname="testCases.HybridExecuteTest"/>
  <testcase name="UnderTest" time="0.815" classname="testCases.HybridExecuteTest"/>
  <testcase name="UnderTest" time="0.487" classname="testCases.HybridExecuteTest"/>
  <testcase name="UnderTest" time="3.002" classname="testCases.HybridExecuteTest"/>
  <testcase name="UnderTest" time="0.394" classname="testCases.HybridExecuteTest"/>
  <testcase name="UnderTest" time="0.252" classname="testCases.HybridExecuteTest"/>
  <testcase name="UnderTest" time="3.001" classname="testCases.HybridExecuteTest"/>
  <testcase name="UnderTest" time="0.128" classname="testCases.HybridExecuteTest"/>
</testsuite> <!-- Default test -->
