<?xml version="1.0" encoding="UTF-8"?>
<testng-results skipped="0" failed="0" total="85" passed="85">
  <reporter-output>
  </reporter-output>
  <suite name="HybridSuite" duration-ms="407933" started-at="2017-01-04T11:19:36Z" finished-at="2017-01-04T11:26:24Z">
    <groups>
    </groups>
    <test name="Test" duration-ms="407933" started-at="2017-01-04T11:19:36Z" finished-at="2017-01-04T11:26:24Z">
      <class name="testCases.HybridExecuteTest">
        <test-method status="PASS" signature="UnderTest(java.lang.String, java.lang.String, java.lang.String, java.lang.String, java.lang.String, java.lang.String)[pri:0, instance:testCases.HybridExecuteTest@26be92ad]" name="UnderTest" duration-ms="60626" started-at="2017-01-04T06:19:40Z" data-provider="hybridData" finished-at="2017-01-04T06:20:41Z">
          <params>
            <param index="0">
              <value>
                <![CDATA[TC001]]>
              </value>
            </param>
            <param index="1">
              <value>
                <![CDATA[Google Search]]>
              </value>
            </param>
            <param index="2">
              <value>
                <![CDATA[]]>
              </value>
            </param>
            <param index="3">
              <value>
                <![CDATA[]]>
              </value>
            </param>
            <param index="4">
              <value>
                <![CDATA[]]>
              </value>
            </param>
            <param index="5">
              <value>
                <![CDATA[]]>
              </value>
            </param>
          </params>
          <reporter-output>
          </reporter-output>
        </test-method> <!-- UnderTest -->
        <test-method status="PASS" signature="UnderTest(java.lang.String, java.lang.String, java.lang.String, java.lang.String, java.lang.String, java.lang.String)[pri:0, instance:testCases.HybridExecuteTest@26be92ad]" name="UnderTest" duration-ms="15293" started-at="2017-01-04T06:20:41Z" data-provider="hybridData" finished-at="2017-01-04T06:20:56Z">
          <params>
            <param index="0">
              <value>
                <![CDATA[]]>
              </value>
            </param>
            <param index="1">
              <value>
                <![CDATA[]]>
              </value>
            </param>
            <param index="2">
              <value>
                <![CDATA[GOTOURL]]>
              </value>
            </param>
            <param index="3">
              <value>
                <![CDATA[]]>
              </value>
            </param>
            <param index="4">
              <value>
                <![CDATA[]]>
              </value>
            </param>
            <param index="5">
              <value>
                <![CDATA[Website]]>
              </value>
            </param>
          </params>
          <reporter-output>
          </reporter-output>
        </test-method> <!-- UnderTest -->
        <test-method status="PASS" signature="UnderTest(java.lang.String, java.lang.String, java.lang.String, java.lang.String, java.lang.String, java.lang.String)[pri:0, instance:testCases.HybridExecuteTest@26be92ad]" name="UnderTest" duration-ms="1624" started-at="2017-01-04T06:20:56Z" data-provider="hybridData" finished-at="2017-01-04T06:20:57Z">
          <params>
            <param index="0">
              <value>
                <![CDATA[]]>
              </value>
            </param>
            <param index="1">
              <value>
                <![CDATA[]]>
              </value>
            </param>
            <param index="2">
              <value>
                <![CDATA[SUBMENU]]>
              </value>
            </param>
            <param index="3">
              <value>
                <![CDATA[SocialMedia]]>
              </value>
            </param>
            <param index="4">
              <value>
                <![CDATA[LINKTEXT]]>
              </value>
            </param>
            <param index="5">
              <value>
                <![CDATA[]]>
              </value>
            </param>
          </params>
          <reporter-output>
          </reporter-output>
        </test-method> <!-- UnderTest -->
        <test-method status="PASS" signature="UnderTest(java.lang.String, java.lang.String, java.lang.String, java.lang.String, java.lang.String, java.lang.String)[pri:0, instance:testCases.HybridExecuteTest@26be92ad]" name="UnderTest" duration-ms="763" started-at="2017-01-04T06:20:57Z" data-provider="hybridData" finished-at="2017-01-04T06:20:58Z">
          <params>
            <param index="0">
              <value>
                <![CDATA[]]>
              </value>
            </param>
            <param index="1">
              <value>
                <![CDATA[]]>
              </value>
            </param>
            <param index="2">
              <value>
                <![CDATA[CLICK]]>
              </value>
            </param>
            <param index="3">
              <value>
                <![CDATA[Google]]>
              </value>
            </param>
            <param index="4">
              <value>
                <![CDATA[LINKTEXT]]>
              </value>
            </param>
            <param index="5">
              <value>
                <![CDATA[]]>
              </value>
            </param>
          </params>
          <reporter-output>
          </reporter-output>
        </test-method> <!-- UnderTest -->
        <test-method status="PASS" signature="UnderTest(java.lang.String, java.lang.String, java.lang.String, java.lang.String, java.lang.String, java.lang.String)[pri:0, instance:testCases.HybridExecuteTest@26be92ad]" name="UnderTest" duration-ms="3657" started-at="2017-01-04T06:20:58Z" data-provider="hybridData" finished-at="2017-01-04T06:21:02Z">
          <params>
            <param index="0">
              <value>
                <![CDATA[]]>
              </value>
            </param>
            <param index="1">
              <value>
                <![CDATA[]]>
              </value>
            </param>
            <param index="2">
              <value>
                <![CDATA[CHILDWINDOWHANDLE]]>
              </value>
            </param>
            <param index="3">
              <value>
                <![CDATA[]]>
              </value>
            </param>
            <param index="4">
              <value>
                <![CDATA[]]>
              </value>
            </param>
            <param index="5">
              <value>
                <![CDATA[]]>
              </value>
            </param>
          </params>
          <reporter-output>
          </reporter-output>
        </test-method> <!-- UnderTest -->
        <test-method status="PASS" signature="UnderTest(java.lang.String, java.lang.String, java.lang.String, java.lang.String, java.lang.String, java.lang.String)[pri:0, instance:testCases.HybridExecuteTest@26be92ad]" name="UnderTest" duration-ms="3852" started-at="2017-01-04T06:21:02Z" data-provider="hybridData" finished-at="2017-01-04T06:21:06Z">
          <params>
            <param index="0">
              <value>
                <![CDATA[]]>
              </value>
            </param>
            <param index="1">
              <value>
                <![CDATA[]]>
              </value>
            </param>
            <param index="2">
              <value>
                <![CDATA[SENDKEYS]]>
              </value>
            </param>
            <param index="3">
              <value>
                <![CDATA[GoogleSearch]]>
              </value>
            </param>
            <param index="4">
              <value>
                <![CDATA[NAME]]>
              </value>
            </param>
            <param index="5">
              <value>
                <![CDATA[Selenium WebDriver]]>
              </value>
            </param>
          </params>
          <reporter-output>
          </reporter-output>
        </test-method> <!-- UnderTest -->
        <test-method status="PASS" signature="UnderTest(java.lang.String, java.lang.String, java.lang.String, java.lang.String, java.lang.String, java.lang.String)[pri:0, instance:testCases.HybridExecuteTest@26be92ad]" name="UnderTest" duration-ms="1647" started-at="2017-01-04T06:21:06Z" data-provider="hybridData" finished-at="2017-01-04T06:21:07Z">
          <params>
            <param index="0">
              <value>
                <![CDATA[]]>
              </value>
            </param>
            <param index="1">
              <value>
                <![CDATA[]]>
              </value>
            </param>
            <param index="2">
              <value>
                <![CDATA[MAINWINDOWHANDLE]]>
              </value>
            </param>
            <param index="3">
              <value>
                <![CDATA[]]>
              </value>
            </param>
            <param index="4">
              <value>
                <![CDATA[]]>
              </value>
            </param>
            <param index="5">
              <value>
                <![CDATA[]]>
              </value>
            </param>
          </params>
          <reporter-output>
          </reporter-output>
        </test-method> <!-- UnderTest -->
        <test-method status="PASS" signature="UnderTest(java.lang.String, java.lang.String, java.lang.String, java.lang.String, java.lang.String, java.lang.String)[pri:0, instance:testCases.HybridExecuteTest@26be92ad]" name="UnderTest" duration-ms="10395" started-at="2017-01-04T06:21:07Z" data-provider="hybridData" finished-at="2017-01-04T06:21:18Z">
          <params>
            <param index="0">
              <value>
                <![CDATA[]]>
              </value>
            </param>
            <param index="1">
              <value>
                <![CDATA[]]>
              </value>
            </param>
            <param index="2">
              <value>
                <![CDATA[QUIT]]>
              </value>
            </param>
            <param index="3">
              <value>
                <![CDATA[]]>
              </value>
            </param>
            <param index="4">
              <value>
                <![CDATA[]]>
              </value>
            </param>
            <param index="5">
              <value>
                <![CDATA[]]>
              </value>
            </param>
          </params>
          <reporter-output>
          </reporter-output>
        </test-method> <!-- UnderTest -->
        <test-method status="PASS" signature="UnderTest(java.lang.String, java.lang.String, java.lang.String, java.lang.String, java.lang.String, java.lang.String)[pri:0, instance:testCases.HybridExecuteTest@26be92ad]" name="UnderTest" duration-ms="34664" started-at="2017-01-04T06:21:18Z" data-provider="hybridData" finished-at="2017-01-04T06:21:52Z">
          <params>
            <param index="0">
              <value>
                <![CDATA[TC002]]>
              </value>
            </param>
            <param index="1">
              <value>
                <![CDATA[Alert Handling]]>
              </value>
            </param>
            <param index="2">
              <value>
                <![CDATA[GOTOURL]]>
              </value>
            </param>
            <param index="3">
              <value>
                <![CDATA[]]>
              </value>
            </param>
            <param index="4">
              <value>
                <![CDATA[]]>
              </value>
            </param>
            <param index="5">
              <value>
                <![CDATA[Website]]>
              </value>
            </param>
          </params>
          <reporter-output>
          </reporter-output>
        </test-method> <!-- UnderTest -->
        <test-method status="PASS" signature="UnderTest(java.lang.String, java.lang.String, java.lang.String, java.lang.String, java.lang.String, java.lang.String)[pri:0, instance:testCases.HybridExecuteTest@26be92ad]" name="UnderTest" duration-ms="857" started-at="2017-01-04T06:21:52Z" data-provider="hybridData" finished-at="2017-01-04T06:21:53Z">
          <params>
            <param index="0">
              <value>
                <![CDATA[]]>
              </value>
            </param>
            <param index="1">
              <value>
                <![CDATA[]]>
              </value>
            </param>
            <param index="2">
              <value>
                <![CDATA[CLICK]]>
              </value>
            </param>
            <param index="3">
              <value>
                <![CDATA[ConfirmBox]]>
              </value>
            </param>
            <param index="4">
              <value>
                <![CDATA[XPATH]]>
              </value>
            </param>
            <param index="5">
              <value>
                <![CDATA[]]>
              </value>
            </param>
          </params>
          <reporter-output>
          </reporter-output>
        </test-method> <!-- UnderTest -->
        <test-method status="PASS" signature="UnderTest(java.lang.String, java.lang.String, java.lang.String, java.lang.String, java.lang.String, java.lang.String)[pri:0, instance:testCases.HybridExecuteTest@26be92ad]" name="UnderTest" duration-ms="3003" started-at="2017-01-04T06:21:53Z" data-provider="hybridData" finished-at="2017-01-04T06:21:56Z">
          <params>
            <param index="0">
              <value>
                <![CDATA[]]>
              </value>
            </param>
            <param index="1">
              <value>
                <![CDATA[]]>
              </value>
            </param>
            <param index="2">
              <value>
                <![CDATA[THREAD]]>
              </value>
            </param>
            <param index="3">
              <value>
                <![CDATA[]]>
              </value>
            </param>
            <param index="4">
              <value>
                <![CDATA[]]>
              </value>
            </param>
            <param index="5">
              <value>
                <![CDATA[]]>
              </value>
            </param>
          </params>
          <reporter-output>
          </reporter-output>
        </test-method> <!-- UnderTest -->
        <test-method status="PASS" signature="UnderTest(java.lang.String, java.lang.String, java.lang.String, java.lang.String, java.lang.String, java.lang.String)[pri:0, instance:testCases.HybridExecuteTest@26be92ad]" name="UnderTest" duration-ms="220" started-at="2017-01-04T06:21:56Z" data-provider="hybridData" finished-at="2017-01-04T06:21:57Z">
          <params>
            <param index="0">
              <value>
                <![CDATA[]]>
              </value>
            </param>
            <param index="1">
              <value>
                <![CDATA[]]>
              </value>
            </param>
            <param index="2">
              <value>
                <![CDATA[ALERTHANDLING]]>
              </value>
            </param>
            <param index="3">
              <value>
                <![CDATA[]]>
              </value>
            </param>
            <param index="4">
              <value>
                <![CDATA[]]>
              </value>
            </param>
            <param index="5">
              <value>
                <![CDATA[]]>
              </value>
            </param>
          </params>
          <reporter-output>
          </reporter-output>
        </test-method> <!-- UnderTest -->
        <test-method status="PASS" signature="UnderTest(java.lang.String, java.lang.String, java.lang.String, java.lang.String, java.lang.String, java.lang.String)[pri:0, instance:testCases.HybridExecuteTest@26be92ad]" name="UnderTest" duration-ms="337" started-at="2017-01-04T06:21:57Z" data-provider="hybridData" finished-at="2017-01-04T06:21:57Z">
          <params>
            <param index="0">
              <value>
                <![CDATA[]]>
              </value>
            </param>
            <param index="1">
              <value>
                <![CDATA[]]>
              </value>
            </param>
            <param index="2">
              <value>
                <![CDATA[CLICK]]>
              </value>
            </param>
            <param index="3">
              <value>
                <![CDATA[ShowAlert]]>
              </value>
            </param>
            <param index="4">
              <value>
                <![CDATA[XPATH]]>
              </value>
            </param>
            <param index="5">
              <value>
                <![CDATA[]]>
              </value>
            </param>
          </params>
          <reporter-output>
          </reporter-output>
        </test-method> <!-- UnderTest -->
        <test-method status="PASS" signature="UnderTest(java.lang.String, java.lang.String, java.lang.String, java.lang.String, java.lang.String, java.lang.String)[pri:0, instance:testCases.HybridExecuteTest@26be92ad]" name="UnderTest" duration-ms="3005" started-at="2017-01-04T06:21:57Z" data-provider="hybridData" finished-at="2017-01-04T06:22:00Z">
          <params>
            <param index="0">
              <value>
                <![CDATA[]]>
              </value>
            </param>
            <param index="1">
              <value>
                <![CDATA[]]>
              </value>
            </param>
            <param index="2">
              <value>
                <![CDATA[THREAD]]>
              </value>
            </param>
            <param index="3">
              <value>
                <![CDATA[]]>
              </value>
            </param>
            <param index="4">
              <value>
                <![CDATA[]]>
              </value>
            </param>
            <param index="5">
              <value>
                <![CDATA[]]>
              </value>
            </param>
          </params>
          <reporter-output>
          </reporter-output>
        </test-method> <!-- UnderTest -->
        <test-method status="PASS" signature="UnderTest(java.lang.String, java.lang.String, java.lang.String, java.lang.String, java.lang.String, java.lang.String)[pri:0, instance:testCases.HybridExecuteTest@26be92ad]" name="UnderTest" duration-ms="380" started-at="2017-01-04T06:22:00Z" data-provider="hybridData" finished-at="2017-01-04T06:22:00Z">
          <params>
            <param index="0">
              <value>
                <![CDATA[]]>
              </value>
            </param>
            <param index="1">
              <value>
                <![CDATA[]]>
              </value>
            </param>
            <param index="2">
              <value>
                <![CDATA[ALERTHANDLING]]>
              </value>
            </param>
            <param index="3">
              <value>
                <![CDATA[]]>
              </value>
            </param>
            <param index="4">
              <value>
                <![CDATA[]]>
              </value>
            </param>
            <param index="5">
              <value>
                <![CDATA[]]>
              </value>
            </param>
          </params>
          <reporter-output>
          </reporter-output>
        </test-method> <!-- UnderTest -->
        <test-method status="PASS" signature="UnderTest(java.lang.String, java.lang.String, java.lang.String, java.lang.String, java.lang.String, java.lang.String)[pri:0, instance:testCases.HybridExecuteTest@26be92ad]" name="UnderTest" duration-ms="314" started-at="2017-01-04T06:22:00Z" data-provider="hybridData" finished-at="2017-01-04T06:22:01Z">
          <params>
            <param index="0">
              <value>
                <![CDATA[]]>
              </value>
            </param>
            <param index="1">
              <value>
                <![CDATA[]]>
              </value>
            </param>
            <param index="2">
              <value>
                <![CDATA[CLICK]]>
              </value>
            </param>
            <param index="3">
              <value>
                <![CDATA[ShowPrompt]]>
              </value>
            </param>
            <param index="4">
              <value>
                <![CDATA[XPATH]]>
              </value>
            </param>
            <param index="5">
              <value>
                <![CDATA[]]>
              </value>
            </param>
          </params>
          <reporter-output>
          </reporter-output>
        </test-method> <!-- UnderTest -->
        <test-method status="PASS" signature="UnderTest(java.lang.String, java.lang.String, java.lang.String, java.lang.String, java.lang.String, java.lang.String)[pri:0, instance:testCases.HybridExecuteTest@26be92ad]" name="UnderTest" duration-ms="3002" started-at="2017-01-04T06:22:01Z" data-provider="hybridData" finished-at="2017-01-04T06:22:04Z">
          <params>
            <param index="0">
              <value>
                <![CDATA[]]>
              </value>
            </param>
            <param index="1">
              <value>
                <![CDATA[]]>
              </value>
            </param>
            <param index="2">
              <value>
                <![CDATA[THREAD]]>
              </value>
            </param>
            <param index="3">
              <value>
                <![CDATA[]]>
              </value>
            </param>
            <param index="4">
              <value>
                <![CDATA[]]>
              </value>
            </param>
            <param index="5">
              <value>
                <![CDATA[]]>
              </value>
            </param>
          </params>
          <reporter-output>
          </reporter-output>
        </test-method> <!-- UnderTest -->
        <test-method status="PASS" signature="UnderTest(java.lang.String, java.lang.String, java.lang.String, java.lang.String, java.lang.String, java.lang.String)[pri:0, instance:testCases.HybridExecuteTest@26be92ad]" name="UnderTest" duration-ms="334" started-at="2017-01-04T06:22:04Z" data-provider="hybridData" finished-at="2017-01-04T06:22:04Z">
          <params>
            <param index="0">
              <value>
                <![CDATA[]]>
              </value>
            </param>
            <param index="1">
              <value>
                <![CDATA[]]>
              </value>
            </param>
            <param index="2">
              <value>
                <![CDATA[ALERTHANDLING]]>
              </value>
            </param>
            <param index="3">
              <value>
                <![CDATA[]]>
              </value>
            </param>
            <param index="4">
              <value>
                <![CDATA[]]>
              </value>
            </param>
            <param index="5">
              <value>
                <![CDATA[]]>
              </value>
            </param>
          </params>
          <reporter-output>
          </reporter-output>
        </test-method> <!-- UnderTest -->
        <test-method status="PASS" signature="UnderTest(java.lang.String, java.lang.String, java.lang.String, java.lang.String, java.lang.String, java.lang.String)[pri:0, instance:testCases.HybridExecuteTest@26be92ad]" name="UnderTest" duration-ms="1006" started-at="2017-01-04T06:22:04Z" data-provider="hybridData" finished-at="2017-01-04T06:22:05Z">
          <params>
            <param index="0">
              <value>
                <![CDATA[]]>
              </value>
            </param>
            <param index="1">
              <value>
                <![CDATA[]]>
              </value>
            </param>
            <param index="2">
              <value>
                <![CDATA[QUIT]]>
              </value>
            </param>
            <param index="3">
              <value>
                <![CDATA[]]>
              </value>
            </param>
            <param index="4">
              <value>
                <![CDATA[]]>
              </value>
            </param>
            <param index="5">
              <value>
                <![CDATA[]]>
              </value>
            </param>
          </params>
          <reporter-output>
          </reporter-output>
        </test-method> <!-- UnderTest -->
        <test-method status="PASS" signature="UnderTest(java.lang.String, java.lang.String, java.lang.String, java.lang.String, java.lang.String, java.lang.String)[pri:0, instance:testCases.HybridExecuteTest@26be92ad]" name="UnderTest" duration-ms="21196" started-at="2017-01-04T06:22:05Z" data-provider="hybridData" finished-at="2017-01-04T06:22:26Z">
          <params>
            <param index="0">
              <value>
                <![CDATA[TC003]]>
              </value>
            </param>
            <param index="1">
              <value>
                <![CDATA[Scroll Text Verify]]>
              </value>
            </param>
            <param index="2">
              <value>
                <![CDATA[GOTOURL]]>
              </value>
            </param>
            <param index="3">
              <value>
                <![CDATA[]]>
              </value>
            </param>
            <param index="4">
              <value>
                <![CDATA[]]>
              </value>
            </param>
            <param index="5">
              <value>
                <![CDATA[Website]]>
              </value>
            </param>
          </params>
          <reporter-output>
          </reporter-output>
        </test-method> <!-- UnderTest -->
        <test-method status="PASS" signature="UnderTest(java.lang.String, java.lang.String, java.lang.String, java.lang.String, java.lang.String, java.lang.String)[pri:0, instance:testCases.HybridExecuteTest@26be92ad]" name="UnderTest" duration-ms="373" started-at="2017-01-04T06:22:26Z" data-provider="hybridData" finished-at="2017-01-04T06:22:27Z">
          <params>
            <param index="0">
              <value>
                <![CDATA[]]>
              </value>
            </param>
            <param index="1">
              <value>
                <![CDATA[]]>
              </value>
            </param>
            <param index="2">
              <value>
                <![CDATA[GETTEXT]]>
              </value>
            </param>
            <param index="3">
              <value>
                <![CDATA[ScrollText]]>
              </value>
            </param>
            <param index="4">
              <value>
                <![CDATA[XPATH]]>
              </value>
            </param>
            <param index="5">
              <value>
                <![CDATA[]]>
              </value>
            </param>
          </params>
          <reporter-output>
          </reporter-output>
        </test-method> <!-- UnderTest -->
        <test-method status="PASS" signature="UnderTest(java.lang.String, java.lang.String, java.lang.String, java.lang.String, java.lang.String, java.lang.String)[pri:0, instance:testCases.HybridExecuteTest@26be92ad]" name="UnderTest" duration-ms="2095" started-at="2017-01-04T06:22:27Z" data-provider="hybridData" finished-at="2017-01-04T06:22:29Z">
          <params>
            <param index="0">
              <value>
                <![CDATA[]]>
              </value>
            </param>
            <param index="1">
              <value>
                <![CDATA[]]>
              </value>
            </param>
            <param index="2">
              <value>
                <![CDATA[QUIT]]>
              </value>
            </param>
            <param index="3">
              <value>
                <![CDATA[]]>
              </value>
            </param>
            <param index="4">
              <value>
                <![CDATA[]]>
              </value>
            </param>
            <param index="5">
              <value>
                <![CDATA[]]>
              </value>
            </param>
          </params>
          <reporter-output>
          </reporter-output>
        </test-method> <!-- UnderTest -->
        <test-method status="PASS" signature="UnderTest(java.lang.String, java.lang.String, java.lang.String, java.lang.String, java.lang.String, java.lang.String)[pri:0, instance:testCases.HybridExecuteTest@26be92ad]" name="UnderTest" duration-ms="11753" started-at="2017-01-04T06:22:29Z" data-provider="hybridData" finished-at="2017-01-04T06:22:40Z">
          <params>
            <param index="0">
              <value>
                <![CDATA[TC004]]>
              </value>
            </param>
            <param index="1">
              <value>
                <![CDATA[Image Verify]]>
              </value>
            </param>
            <param index="2">
              <value>
                <![CDATA[]]>
              </value>
            </param>
            <param index="3">
              <value>
                <![CDATA[]]>
              </value>
            </param>
            <param index="4">
              <value>
                <![CDATA[]]>
              </value>
            </param>
            <param index="5">
              <value>
                <![CDATA[]]>
              </value>
            </param>
          </params>
          <reporter-output>
          </reporter-output>
        </test-method> <!-- UnderTest -->
        <test-method status="PASS" signature="UnderTest(java.lang.String, java.lang.String, java.lang.String, java.lang.String, java.lang.String, java.lang.String)[pri:0, instance:testCases.HybridExecuteTest@26be92ad]" name="UnderTest" duration-ms="5448" started-at="2017-01-04T06:22:40Z" data-provider="hybridData" finished-at="2017-01-04T06:22:46Z">
          <params>
            <param index="0">
              <value>
                <![CDATA[]]>
              </value>
            </param>
            <param index="1">
              <value>
                <![CDATA[]]>
              </value>
            </param>
            <param index="2">
              <value>
                <![CDATA[GOTOURL]]>
              </value>
            </param>
            <param index="3">
              <value>
                <![CDATA[]]>
              </value>
            </param>
            <param index="4">
              <value>
                <![CDATA[]]>
              </value>
            </param>
            <param index="5">
              <value>
                <![CDATA[Website]]>
              </value>
            </param>
          </params>
          <reporter-output>
          </reporter-output>
        </test-method> <!-- UnderTest -->
        <test-method status="PASS" signature="UnderTest(java.lang.String, java.lang.String, java.lang.String, java.lang.String, java.lang.String, java.lang.String)[pri:0, instance:testCases.HybridExecuteTest@26be92ad]" name="UnderTest" duration-ms="469" started-at="2017-01-04T06:22:46Z" data-provider="hybridData" finished-at="2017-01-04T06:22:46Z">
          <params>
            <param index="0">
              <value>
                <![CDATA[]]>
              </value>
            </param>
            <param index="1">
              <value>
                <![CDATA[]]>
              </value>
            </param>
            <param index="2">
              <value>
                <![CDATA[SUBMENU]]>
              </value>
            </param>
            <param index="3">
              <value>
                <![CDATA[Countries]]>
              </value>
            </param>
            <param index="4">
              <value>
                <![CDATA[LINKTEXT]]>
              </value>
            </param>
            <param index="5">
              <value>
                <![CDATA[]]>
              </value>
            </param>
          </params>
          <reporter-output>
          </reporter-output>
        </test-method> <!-- UnderTest -->
        <test-method status="PASS" signature="UnderTest(java.lang.String, java.lang.String, java.lang.String, java.lang.String, java.lang.String, java.lang.String)[pri:0, instance:testCases.HybridExecuteTest@26be92ad]" name="UnderTest" duration-ms="2172" started-at="2017-01-04T06:22:46Z" data-provider="hybridData" finished-at="2017-01-04T06:22:48Z">
          <params>
            <param index="0">
              <value>
                <![CDATA[]]>
              </value>
            </param>
            <param index="1">
              <value>
                <![CDATA[]]>
              </value>
            </param>
            <param index="2">
              <value>
                <![CDATA[CLICK]]>
              </value>
            </param>
            <param index="3">
              <value>
                <![CDATA[Bangladesh]]>
              </value>
            </param>
            <param index="4">
              <value>
                <![CDATA[LINKTEXT]]>
              </value>
            </param>
            <param index="5">
              <value>
                <![CDATA[]]>
              </value>
            </param>
          </params>
          <reporter-output>
          </reporter-output>
        </test-method> <!-- UnderTest -->
        <test-method status="PASS" signature="UnderTest(java.lang.String, java.lang.String, java.lang.String, java.lang.String, java.lang.String, java.lang.String)[pri:0, instance:testCases.HybridExecuteTest@26be92ad]" name="UnderTest" duration-ms="1047" started-at="2017-01-04T06:22:48Z" data-provider="hybridData" finished-at="2017-01-04T06:22:50Z">
          <params>
            <param index="0">
              <value>
                <![CDATA[]]>
              </value>
            </param>
            <param index="1">
              <value>
                <![CDATA[]]>
              </value>
            </param>
            <param index="2">
              <value>
                <![CDATA[CHILDWINDOWHANDLE]]>
              </value>
            </param>
            <param index="3">
              <value>
                <![CDATA[]]>
              </value>
            </param>
            <param index="4">
              <value>
                <![CDATA[]]>
              </value>
            </param>
            <param index="5">
              <value>
                <![CDATA[]]>
              </value>
            </param>
          </params>
          <reporter-output>
          </reporter-output>
        </test-method> <!-- UnderTest -->
        <test-method status="PASS" signature="UnderTest(java.lang.String, java.lang.String, java.lang.String, java.lang.String, java.lang.String, java.lang.String)[pri:0, instance:testCases.HybridExecuteTest@26be92ad]" name="UnderTest" duration-ms="100" started-at="2017-01-04T06:22:50Z" data-provider="hybridData" finished-at="2017-01-04T06:22:50Z">
          <params>
            <param index="0">
              <value>
                <![CDATA[]]>
              </value>
            </param>
            <param index="1">
              <value>
                <![CDATA[]]>
              </value>
            </param>
            <param index="2">
              <value>
                <![CDATA[IMAGEVERIFY]]>
              </value>
            </param>
            <param index="3">
              <value>
                <![CDATA[BangladeshFlag]]>
              </value>
            </param>
            <param index="4">
              <value>
                <![CDATA[XPATH]]>
              </value>
            </param>
            <param index="5">
              <value>
                <![CDATA[]]>
              </value>
            </param>
          </params>
          <reporter-output>
          </reporter-output>
        </test-method> <!-- UnderTest -->
        <test-method status="PASS" signature="UnderTest(java.lang.String, java.lang.String, java.lang.String, java.lang.String, java.lang.String, java.lang.String)[pri:0, instance:testCases.HybridExecuteTest@26be92ad]" name="UnderTest" duration-ms="3003" started-at="2017-01-04T06:22:50Z" data-provider="hybridData" finished-at="2017-01-04T06:22:53Z">
          <params>
            <param index="0">
              <value>
                <![CDATA[]]>
              </value>
            </param>
            <param index="1">
              <value>
                <![CDATA[]]>
              </value>
            </param>
            <param index="2">
              <value>
                <![CDATA[THREAD]]>
              </value>
            </param>
            <param index="3">
              <value>
                <![CDATA[BangladeshFlag]]>
              </value>
            </param>
            <param index="4">
              <value>
                <![CDATA[]]>
              </value>
            </param>
            <param index="5">
              <value>
                <![CDATA[]]>
              </value>
            </param>
          </params>
          <reporter-output>
          </reporter-output>
        </test-method> <!-- UnderTest -->
        <test-method status="PASS" signature="UnderTest(java.lang.String, java.lang.String, java.lang.String, java.lang.String, java.lang.String, java.lang.String)[pri:0, instance:testCases.HybridExecuteTest@26be92ad]" name="UnderTest" duration-ms="924" started-at="2017-01-04T06:22:53Z" data-provider="hybridData" finished-at="2017-01-04T06:22:54Z">
          <params>
            <param index="0">
              <value>
                <![CDATA[]]>
              </value>
            </param>
            <param index="1">
              <value>
                <![CDATA[]]>
              </value>
            </param>
            <param index="2">
              <value>
                <![CDATA[QUIT]]>
              </value>
            </param>
            <param index="3">
              <value>
                <![CDATA[]]>
              </value>
            </param>
            <param index="4">
              <value>
                <![CDATA[]]>
              </value>
            </param>
            <param index="5">
              <value>
                <![CDATA[]]>
              </value>
            </param>
          </params>
          <reporter-output>
          </reporter-output>
        </test-method> <!-- UnderTest -->
        <test-method status="PASS" signature="UnderTest(java.lang.String, java.lang.String, java.lang.String, java.lang.String, java.lang.String, java.lang.String)[pri:0, instance:testCases.HybridExecuteTest@26be92ad]" name="UnderTest" duration-ms="12422" started-at="2017-01-04T06:22:54Z" data-provider="hybridData" finished-at="2017-01-04T06:23:06Z">
          <params>
            <param index="0">
              <value>
                <![CDATA[TC005]]>
              </value>
            </param>
            <param index="1">
              <value>
                <![CDATA[Drag and Drop]]>
              </value>
            </param>
            <param index="2">
              <value>
                <![CDATA[]]>
              </value>
            </param>
            <param index="3">
              <value>
                <![CDATA[]]>
              </value>
            </param>
            <param index="4">
              <value>
                <![CDATA[]]>
              </value>
            </param>
            <param index="5">
              <value>
                <![CDATA[]]>
              </value>
            </param>
          </params>
          <reporter-output>
          </reporter-output>
        </test-method> <!-- UnderTest -->
        <test-method status="PASS" signature="UnderTest(java.lang.String, java.lang.String, java.lang.String, java.lang.String, java.lang.String, java.lang.String)[pri:0, instance:testCases.HybridExecuteTest@26be92ad]" name="UnderTest" duration-ms="752" started-at="2017-01-04T06:23:06Z" data-provider="hybridData" finished-at="2017-01-04T06:23:07Z">
          <params>
            <param index="0">
              <value>
                <![CDATA[]]>
              </value>
            </param>
            <param index="1">
              <value>
                <![CDATA[]]>
              </value>
            </param>
            <param index="2">
              <value>
                <![CDATA[GOTOURL]]>
              </value>
            </param>
            <param index="3">
              <value>
                <![CDATA[]]>
              </value>
            </param>
            <param index="4">
              <value>
                <![CDATA[]]>
              </value>
            </param>
            <param index="5">
              <value>
                <![CDATA[Website1]]>
              </value>
            </param>
          </params>
          <reporter-output>
          </reporter-output>
        </test-method> <!-- UnderTest -->
        <test-method status="PASS" signature="UnderTest(java.lang.String, java.lang.String, java.lang.String, java.lang.String, java.lang.String, java.lang.String)[pri:0, instance:testCases.HybridExecuteTest@26be92ad]" name="UnderTest" duration-ms="2541" started-at="2017-01-04T06:23:07Z" data-provider="hybridData" finished-at="2017-01-04T06:23:09Z">
          <params>
            <param index="0">
              <value>
                <![CDATA[]]>
              </value>
            </param>
            <param index="1">
              <value>
                <![CDATA[]]>
              </value>
            </param>
            <param index="2">
              <value>
                <![CDATA[DRAGANDDROP]]>
              </value>
            </param>
            <param index="3">
              <value>
                <![CDATA[Source]]>
              </value>
            </param>
            <param index="4">
              <value>
                <![CDATA[XPATH]]>
              </value>
            </param>
            <param index="5">
              <value>
                <![CDATA[]]>
              </value>
            </param>
          </params>
          <reporter-output>
          </reporter-output>
        </test-method> <!-- UnderTest -->
        <test-method status="PASS" signature="UnderTest(java.lang.String, java.lang.String, java.lang.String, java.lang.String, java.lang.String, java.lang.String)[pri:0, instance:testCases.HybridExecuteTest@26be92ad]" name="UnderTest" duration-ms="1180" started-at="2017-01-04T06:23:09Z" data-provider="hybridData" finished-at="2017-01-04T06:23:10Z">
          <params>
            <param index="0">
              <value>
                <![CDATA[]]>
              </value>
            </param>
            <param index="1">
              <value>
                <![CDATA[]]>
              </value>
            </param>
            <param index="2">
              <value>
                <![CDATA[DRAGANDDROP]]>
              </value>
            </param>
            <param index="3">
              <value>
                <![CDATA[Target]]>
              </value>
            </param>
            <param index="4">
              <value>
                <![CDATA[XPATH]]>
              </value>
            </param>
            <param index="5">
              <value>
                <![CDATA[]]>
              </value>
            </param>
          </params>
          <reporter-output>
          </reporter-output>
        </test-method> <!-- UnderTest -->
        <test-method status="PASS" signature="UnderTest(java.lang.String, java.lang.String, java.lang.String, java.lang.String, java.lang.String, java.lang.String)[pri:0, instance:testCases.HybridExecuteTest@26be92ad]" name="UnderTest" duration-ms="3002" started-at="2017-01-04T06:23:10Z" data-provider="hybridData" finished-at="2017-01-04T06:23:13Z">
          <params>
            <param index="0">
              <value>
                <![CDATA[]]>
              </value>
            </param>
            <param index="1">
              <value>
                <![CDATA[]]>
              </value>
            </param>
            <param index="2">
              <value>
                <![CDATA[THREAD]]>
              </value>
            </param>
            <param index="3">
              <value>
                <![CDATA[]]>
              </value>
            </param>
            <param index="4">
              <value>
                <![CDATA[]]>
              </value>
            </param>
            <param index="5">
              <value>
                <![CDATA[]]>
              </value>
            </param>
          </params>
          <reporter-output>
          </reporter-output>
        </test-method> <!-- UnderTest -->
        <test-method status="PASS" signature="UnderTest(java.lang.String, java.lang.String, java.lang.String, java.lang.String, java.lang.String, java.lang.String)[pri:0, instance:testCases.HybridExecuteTest@26be92ad]" name="UnderTest" duration-ms="75" started-at="2017-01-04T06:23:13Z" data-provider="hybridData" finished-at="2017-01-04T06:23:14Z">
          <params>
            <param index="0">
              <value>
                <![CDATA[]]>
              </value>
            </param>
            <param index="1">
              <value>
                <![CDATA[]]>
              </value>
            </param>
            <param index="2">
              <value>
                <![CDATA[CLOSE]]>
              </value>
            </param>
            <param index="3">
              <value>
                <![CDATA[]]>
              </value>
            </param>
            <param index="4">
              <value>
                <![CDATA[]]>
              </value>
            </param>
            <param index="5">
              <value>
                <![CDATA[]]>
              </value>
            </param>
          </params>
          <reporter-output>
          </reporter-output>
        </test-method> <!-- UnderTest -->
        <test-method status="PASS" signature="UnderTest(java.lang.String, java.lang.String, java.lang.String, java.lang.String, java.lang.String, java.lang.String)[pri:0, instance:testCases.HybridExecuteTest@26be92ad]" name="UnderTest" duration-ms="10075" started-at="2017-01-04T06:23:14Z" data-provider="hybridData" finished-at="2017-01-04T06:23:24Z">
          <params>
            <param index="0">
              <value>
                <![CDATA[TC006]]>
              </value>
            </param>
            <param index="1">
              <value>
                <![CDATA[Double Click]]>
              </value>
            </param>
            <param index="2">
              <value>
                <![CDATA[]]>
              </value>
            </param>
            <param index="3">
              <value>
                <![CDATA[]]>
              </value>
            </param>
            <param index="4">
              <value>
                <![CDATA[]]>
              </value>
            </param>
            <param index="5">
              <value>
                <![CDATA[]]>
              </value>
            </param>
          </params>
          <reporter-output>
          </reporter-output>
        </test-method> <!-- UnderTest -->
        <test-method status="PASS" signature="UnderTest(java.lang.String, java.lang.String, java.lang.String, java.lang.String, java.lang.String, java.lang.String)[pri:0, instance:testCases.HybridExecuteTest@26be92ad]" name="UnderTest" duration-ms="6736" started-at="2017-01-04T06:23:24Z" data-provider="hybridData" finished-at="2017-01-04T06:23:30Z">
          <params>
            <param index="0">
              <value>
                <![CDATA[]]>
              </value>
            </param>
            <param index="1">
              <value>
                <![CDATA[]]>
              </value>
            </param>
            <param index="2">
              <value>
                <![CDATA[GOTOURL]]>
              </value>
            </param>
            <param index="3">
              <value>
                <![CDATA[]]>
              </value>
            </param>
            <param index="4">
              <value>
                <![CDATA[]]>
              </value>
            </param>
            <param index="5">
              <value>
                <![CDATA[Website]]>
              </value>
            </param>
          </params>
          <reporter-output>
          </reporter-output>
        </test-method> <!-- UnderTest -->
        <test-method status="PASS" signature="UnderTest(java.lang.String, java.lang.String, java.lang.String, java.lang.String, java.lang.String, java.lang.String)[pri:0, instance:testCases.HybridExecuteTest@26be92ad]" name="UnderTest" duration-ms="1556" started-at="2017-01-04T06:23:30Z" data-provider="hybridData" finished-at="2017-01-04T06:23:32Z">
          <params>
            <param index="0">
              <value>
                <![CDATA[]]>
              </value>
            </param>
            <param index="1">
              <value>
                <![CDATA[]]>
              </value>
            </param>
            <param index="2">
              <value>
                <![CDATA[DOUBLECLICK]]>
              </value>
            </param>
            <param index="3">
              <value>
                <![CDATA[DoubleClick]]>
              </value>
            </param>
            <param index="4">
              <value>
                <![CDATA[XPATH]]>
              </value>
            </param>
            <param index="5">
              <value>
                <![CDATA[]]>
              </value>
            </param>
          </params>
          <reporter-output>
          </reporter-output>
        </test-method> <!-- UnderTest -->
        <test-method status="PASS" signature="UnderTest(java.lang.String, java.lang.String, java.lang.String, java.lang.String, java.lang.String, java.lang.String)[pri:0, instance:testCases.HybridExecuteTest@26be92ad]" name="UnderTest" duration-ms="3004" started-at="2017-01-04T06:23:32Z" data-provider="hybridData" finished-at="2017-01-04T06:23:35Z">
          <params>
            <param index="0">
              <value>
                <![CDATA[]]>
              </value>
            </param>
            <param index="1">
              <value>
                <![CDATA[]]>
              </value>
            </param>
            <param index="2">
              <value>
                <![CDATA[THREAD]]>
              </value>
            </param>
            <param index="3">
              <value>
                <![CDATA[]]>
              </value>
            </param>
            <param index="4">
              <value>
                <![CDATA[]]>
              </value>
            </param>
            <param index="5">
              <value>
                <![CDATA[]]>
              </value>
            </param>
          </params>
          <reporter-output>
          </reporter-output>
        </test-method> <!-- UnderTest -->
        <test-method status="PASS" signature="UnderTest(java.lang.String, java.lang.String, java.lang.String, java.lang.String, java.lang.String, java.lang.String)[pri:0, instance:testCases.HybridExecuteTest@26be92ad]" name="UnderTest" duration-ms="84" started-at="2017-01-04T06:23:35Z" data-provider="hybridData" finished-at="2017-01-04T06:23:35Z">
          <params>
            <param index="0">
              <value>
                <![CDATA[]]>
              </value>
            </param>
            <param index="1">
              <value>
                <![CDATA[]]>
              </value>
            </param>
            <param index="2">
              <value>
                <![CDATA[CLOSE]]>
              </value>
            </param>
            <param index="3">
              <value>
                <![CDATA[]]>
              </value>
            </param>
            <param index="4">
              <value>
                <![CDATA[]]>
              </value>
            </param>
            <param index="5">
              <value>
                <![CDATA[]]>
              </value>
            </param>
          </params>
          <reporter-output>
          </reporter-output>
        </test-method> <!-- UnderTest -->
        <test-method status="PASS" signature="UnderTest(java.lang.String, java.lang.String, java.lang.String, java.lang.String, java.lang.String, java.lang.String)[pri:0, instance:testCases.HybridExecuteTest@26be92ad]" name="UnderTest" duration-ms="12440" started-at="2017-01-04T06:23:35Z" data-provider="hybridData" finished-at="2017-01-04T06:23:47Z">
          <params>
            <param index="0">
              <value>
                <![CDATA[TC007]]>
              </value>
            </param>
            <param index="1">
              <value>
                <![CDATA[Link Counting]]>
              </value>
            </param>
            <param index="2">
              <value>
                <![CDATA[]]>
              </value>
            </param>
            <param index="3">
              <value>
                <![CDATA[]]>
              </value>
            </param>
            <param index="4">
              <value>
                <![CDATA[]]>
              </value>
            </param>
            <param index="5">
              <value>
                <![CDATA[]]>
              </value>
            </param>
          </params>
          <reporter-output>
          </reporter-output>
        </test-method> <!-- UnderTest -->
        <test-method status="PASS" signature="UnderTest(java.lang.String, java.lang.String, java.lang.String, java.lang.String, java.lang.String, java.lang.String)[pri:0, instance:testCases.HybridExecuteTest@26be92ad]" name="UnderTest" duration-ms="5661" started-at="2017-01-04T06:23:47Z" data-provider="hybridData" finished-at="2017-01-04T06:23:53Z">
          <params>
            <param index="0">
              <value>
                <![CDATA[]]>
              </value>
            </param>
            <param index="1">
              <value>
                <![CDATA[]]>
              </value>
            </param>
            <param index="2">
              <value>
                <![CDATA[GOTOURL]]>
              </value>
            </param>
            <param index="3">
              <value>
                <![CDATA[]]>
              </value>
            </param>
            <param index="4">
              <value>
                <![CDATA[]]>
              </value>
            </param>
            <param index="5">
              <value>
                <![CDATA[Website]]>
              </value>
            </param>
          </params>
          <reporter-output>
          </reporter-output>
        </test-method> <!-- UnderTest -->
        <test-method status="PASS" signature="UnderTest(java.lang.String, java.lang.String, java.lang.String, java.lang.String, java.lang.String, java.lang.String)[pri:0, instance:testCases.HybridExecuteTest@26be92ad]" name="UnderTest" duration-ms="2911" started-at="2017-01-04T06:23:53Z" data-provider="hybridData" finished-at="2017-01-04T06:23:56Z">
          <params>
            <param index="0">
              <value>
                <![CDATA[]]>
              </value>
            </param>
            <param index="1">
              <value>
                <![CDATA[]]>
              </value>
            </param>
            <param index="2">
              <value>
                <![CDATA[LINKCOUNTING]]>
              </value>
            </param>
            <param index="3">
              <value>
                <![CDATA[]]>
              </value>
            </param>
            <param index="4">
              <value>
                <![CDATA[]]>
              </value>
            </param>
            <param index="5">
              <value>
                <![CDATA[]]>
              </value>
            </param>
          </params>
          <reporter-output>
          </reporter-output>
        </test-method> <!-- UnderTest -->
        <test-method status="PASS" signature="UnderTest(java.lang.String, java.lang.String, java.lang.String, java.lang.String, java.lang.String, java.lang.String)[pri:0, instance:testCases.HybridExecuteTest@26be92ad]" name="UnderTest" duration-ms="3002" started-at="2017-01-04T06:23:56Z" data-provider="hybridData" finished-at="2017-01-04T06:23:59Z">
          <params>
            <param index="0">
              <value>
                <![CDATA[]]>
              </value>
            </param>
            <param index="1">
              <value>
                <![CDATA[]]>
              </value>
            </param>
            <param index="2">
              <value>
                <![CDATA[THREAD]]>
              </value>
            </param>
            <param index="3">
              <value>
                <![CDATA[]]>
              </value>
            </param>
            <param index="4">
              <value>
                <![CDATA[]]>
              </value>
            </param>
            <param index="5">
              <value>
                <![CDATA[]]>
              </value>
            </param>
          </params>
          <reporter-output>
          </reporter-output>
        </test-method> <!-- UnderTest -->
        <test-method status="PASS" signature="UnderTest(java.lang.String, java.lang.String, java.lang.String, java.lang.String, java.lang.String, java.lang.String)[pri:0, instance:testCases.HybridExecuteTest@26be92ad]" name="UnderTest" duration-ms="43" started-at="2017-01-04T06:23:59Z" data-provider="hybridData" finished-at="2017-01-04T06:23:59Z">
          <params>
            <param index="0">
              <value>
                <![CDATA[]]>
              </value>
            </param>
            <param index="1">
              <value>
                <![CDATA[]]>
              </value>
            </param>
            <param index="2">
              <value>
                <![CDATA[CLOSE]]>
              </value>
            </param>
            <param index="3">
              <value>
                <![CDATA[]]>
              </value>
            </param>
            <param index="4">
              <value>
                <![CDATA[]]>
              </value>
            </param>
            <param index="5">
              <value>
                <![CDATA[]]>
              </value>
            </param>
          </params>
          <reporter-output>
          </reporter-output>
        </test-method> <!-- UnderTest -->
        <test-method status="PASS" signature="UnderTest(java.lang.String, java.lang.String, java.lang.String, java.lang.String, java.lang.String, java.lang.String)[pri:0, instance:testCases.HybridExecuteTest@26be92ad]" name="UnderTest" duration-ms="10666" started-at="2017-01-04T06:23:59Z" data-provider="hybridData" finished-at="2017-01-04T06:24:10Z">
          <params>
            <param index="0">
              <value>
                <![CDATA[TC008]]>
              </value>
            </param>
            <param index="1">
              <value>
                <![CDATA[Page Scroll Up and Down]]>
              </value>
            </param>
            <param index="2">
              <value>
                <![CDATA[]]>
              </value>
            </param>
            <param index="3">
              <value>
                <![CDATA[]]>
              </value>
            </param>
            <param index="4">
              <value>
                <![CDATA[]]>
              </value>
            </param>
            <param index="5">
              <value>
                <![CDATA[]]>
              </value>
            </param>
          </params>
          <reporter-output>
          </reporter-output>
        </test-method> <!-- UnderTest -->
        <test-method status="PASS" signature="UnderTest(java.lang.String, java.lang.String, java.lang.String, java.lang.String, java.lang.String, java.lang.String)[pri:0, instance:testCases.HybridExecuteTest@26be92ad]" name="UnderTest" duration-ms="5308" started-at="2017-01-04T06:24:10Z" data-provider="hybridData" finished-at="2017-01-04T06:24:15Z">
          <params>
            <param index="0">
              <value>
                <![CDATA[]]>
              </value>
            </param>
            <param index="1">
              <value>
                <![CDATA[]]>
              </value>
            </param>
            <param index="2">
              <value>
                <![CDATA[GOTOURL]]>
              </value>
            </param>
            <param index="3">
              <value>
                <![CDATA[]]>
              </value>
            </param>
            <param index="4">
              <value>
                <![CDATA[]]>
              </value>
            </param>
            <param index="5">
              <value>
                <![CDATA[Website]]>
              </value>
            </param>
          </params>
          <reporter-output>
          </reporter-output>
        </test-method> <!-- UnderTest -->
        <test-method status="PASS" signature="UnderTest(java.lang.String, java.lang.String, java.lang.String, java.lang.String, java.lang.String, java.lang.String)[pri:0, instance:testCases.HybridExecuteTest@26be92ad]" name="UnderTest" duration-ms="990" started-at="2017-01-04T06:24:15Z" data-provider="hybridData" finished-at="2017-01-04T06:24:16Z">
          <params>
            <param index="0">
              <value>
                <![CDATA[]]>
              </value>
            </param>
            <param index="1">
              <value>
                <![CDATA[]]>
              </value>
            </param>
            <param index="2">
              <value>
                <![CDATA[SCROLLDOWN]]>
              </value>
            </param>
            <param index="3">
              <value>
                <![CDATA[]]>
              </value>
            </param>
            <param index="4">
              <value>
                <![CDATA[]]>
              </value>
            </param>
            <param index="5">
              <value>
                <![CDATA[]]>
              </value>
            </param>
          </params>
          <reporter-output>
          </reporter-output>
        </test-method> <!-- UnderTest -->
        <test-method status="PASS" signature="UnderTest(java.lang.String, java.lang.String, java.lang.String, java.lang.String, java.lang.String, java.lang.String)[pri:0, instance:testCases.HybridExecuteTest@26be92ad]" name="UnderTest" duration-ms="3001" started-at="2017-01-04T06:24:16Z" data-provider="hybridData" finished-at="2017-01-04T06:24:19Z">
          <params>
            <param index="0">
              <value>
                <![CDATA[]]>
              </value>
            </param>
            <param index="1">
              <value>
                <![CDATA[]]>
              </value>
            </param>
            <param index="2">
              <value>
                <![CDATA[THREAD]]>
              </value>
            </param>
            <param index="3">
              <value>
                <![CDATA[]]>
              </value>
            </param>
            <param index="4">
              <value>
                <![CDATA[]]>
              </value>
            </param>
            <param index="5">
              <value>
                <![CDATA[]]>
              </value>
            </param>
          </params>
          <reporter-output>
          </reporter-output>
        </test-method> <!-- UnderTest -->
        <test-method status="PASS" signature="UnderTest(java.lang.String, java.lang.String, java.lang.String, java.lang.String, java.lang.String, java.lang.String)[pri:0, instance:testCases.HybridExecuteTest@26be92ad]" name="UnderTest" duration-ms="90" started-at="2017-01-04T06:24:19Z" data-provider="hybridData" finished-at="2017-01-04T06:24:19Z">
          <params>
            <param index="0">
              <value>
                <![CDATA[]]>
              </value>
            </param>
            <param index="1">
              <value>
                <![CDATA[]]>
              </value>
            </param>
            <param index="2">
              <value>
                <![CDATA[SCROLLUP]]>
              </value>
            </param>
            <param index="3">
              <value>
                <![CDATA[]]>
              </value>
            </param>
            <param index="4">
              <value>
                <![CDATA[]]>
              </value>
            </param>
            <param index="5">
              <value>
                <![CDATA[]]>
              </value>
            </param>
          </params>
          <reporter-output>
          </reporter-output>
        </test-method> <!-- UnderTest -->
        <test-method status="PASS" signature="UnderTest(java.lang.String, java.lang.String, java.lang.String, java.lang.String, java.lang.String, java.lang.String)[pri:0, instance:testCases.HybridExecuteTest@26be92ad]" name="UnderTest" duration-ms="93" started-at="2017-01-04T06:24:19Z" data-provider="hybridData" finished-at="2017-01-04T06:24:19Z">
          <params>
            <param index="0">
              <value>
                <![CDATA[]]>
              </value>
            </param>
            <param index="1">
              <value>
                <![CDATA[]]>
              </value>
            </param>
            <param index="2">
              <value>
                <![CDATA[CLOSE]]>
              </value>
            </param>
            <param index="3">
              <value>
                <![CDATA[]]>
              </value>
            </param>
            <param index="4">
              <value>
                <![CDATA[]]>
              </value>
            </param>
            <param index="5">
              <value>
                <![CDATA[]]>
              </value>
            </param>
          </params>
          <reporter-output>
          </reporter-output>
        </test-method> <!-- UnderTest -->
        <test-method status="PASS" signature="UnderTest(java.lang.String, java.lang.String, java.lang.String, java.lang.String, java.lang.String, java.lang.String)[pri:0, instance:testCases.HybridExecuteTest@26be92ad]" name="UnderTest" duration-ms="11549" started-at="2017-01-04T06:24:19Z" data-provider="hybridData" finished-at="2017-01-04T06:24:31Z">
          <params>
            <param index="0">
              <value>
                <![CDATA[TC009]]>
              </value>
            </param>
            <param index="1">
              <value>
                <![CDATA[File Upload]]>
              </value>
            </param>
            <param index="2">
              <value>
                <![CDATA[]]>
              </value>
            </param>
            <param index="3">
              <value>
                <![CDATA[]]>
              </value>
            </param>
            <param index="4">
              <value>
                <![CDATA[]]>
              </value>
            </param>
            <param index="5">
              <value>
                <![CDATA[]]>
              </value>
            </param>
          </params>
          <reporter-output>
          </reporter-output>
        </test-method> <!-- UnderTest -->
        <test-method status="PASS" signature="UnderTest(java.lang.String, java.lang.String, java.lang.String, java.lang.String, java.lang.String, java.lang.String)[pri:0, instance:testCases.HybridExecuteTest@26be92ad]" name="UnderTest" duration-ms="5523" started-at="2017-01-04T06:24:31Z" data-provider="hybridData" finished-at="2017-01-04T06:24:36Z">
          <params>
            <param index="0">
              <value>
                <![CDATA[]]>
              </value>
            </param>
            <param index="1">
              <value>
                <![CDATA[]]>
              </value>
            </param>
            <param index="2">
              <value>
                <![CDATA[GOTOURL]]>
              </value>
            </param>
            <param index="3">
              <value>
                <![CDATA[]]>
              </value>
            </param>
            <param index="4">
              <value>
                <![CDATA[]]>
              </value>
            </param>
            <param index="5">
              <value>
                <![CDATA[Website]]>
              </value>
            </param>
          </params>
          <reporter-output>
          </reporter-output>
        </test-method> <!-- UnderTest -->
        <test-method status="PASS" signature="UnderTest(java.lang.String, java.lang.String, java.lang.String, java.lang.String, java.lang.String, java.lang.String)[pri:0, instance:testCases.HybridExecuteTest@26be92ad]" name="UnderTest" duration-ms="282" started-at="2017-01-04T06:24:36Z" data-provider="hybridData" finished-at="2017-01-04T06:24:37Z">
          <params>
            <param index="0">
              <value>
                <![CDATA[]]>
              </value>
            </param>
            <param index="1">
              <value>
                <![CDATA[]]>
              </value>
            </param>
            <param index="2">
              <value>
                <![CDATA[FILEUPLOAD]]>
              </value>
            </param>
            <param index="3">
              <value>
                <![CDATA[File]]>
              </value>
            </param>
            <param index="4">
              <value>
                <![CDATA[XPATH]]>
              </value>
            </param>
            <param index="5">
              <value>
                <![CDATA[?E:\\COMPANY_DATA\\FacebookData.xlsx]]>
              </value>
            </param>
          </params>
          <reporter-output>
          </reporter-output>
        </test-method> <!-- UnderTest -->
        <test-method status="PASS" signature="UnderTest(java.lang.String, java.lang.String, java.lang.String, java.lang.String, java.lang.String, java.lang.String)[pri:0, instance:testCases.HybridExecuteTest@26be92ad]" name="UnderTest" duration-ms="3004" started-at="2017-01-04T06:24:37Z" data-provider="hybridData" finished-at="2017-01-04T06:24:40Z">
          <params>
            <param index="0">
              <value>
                <![CDATA[]]>
              </value>
            </param>
            <param index="1">
              <value>
                <![CDATA[]]>
              </value>
            </param>
            <param index="2">
              <value>
                <![CDATA[THREAD]]>
              </value>
            </param>
            <param index="3">
              <value>
                <![CDATA[]]>
              </value>
            </param>
            <param index="4">
              <value>
                <![CDATA[]]>
              </value>
            </param>
            <param index="5">
              <value>
                <![CDATA[]]>
              </value>
            </param>
          </params>
          <reporter-output>
          </reporter-output>
        </test-method> <!-- UnderTest -->
        <test-method status="PASS" signature="UnderTest(java.lang.String, java.lang.String, java.lang.String, java.lang.String, java.lang.String, java.lang.String)[pri:0, instance:testCases.HybridExecuteTest@26be92ad]" name="UnderTest" duration-ms="1020" started-at="2017-01-04T06:24:40Z" data-provider="hybridData" finished-at="2017-01-04T06:24:41Z">
          <params>
            <param index="0">
              <value>
                <![CDATA[]]>
              </value>
            </param>
            <param index="1">
              <value>
                <![CDATA[]]>
              </value>
            </param>
            <param index="2">
              <value>
                <![CDATA[CLOSE]]>
              </value>
            </param>
            <param index="3">
              <value>
                <![CDATA[]]>
              </value>
            </param>
            <param index="4">
              <value>
                <![CDATA[]]>
              </value>
            </param>
            <param index="5">
              <value>
                <![CDATA[]]>
              </value>
            </param>
          </params>
          <reporter-output>
          </reporter-output>
        </test-method> <!-- UnderTest -->
        <test-method status="PASS" signature="UnderTest(java.lang.String, java.lang.String, java.lang.String, java.lang.String, java.lang.String, java.lang.String)[pri:0, instance:testCases.HybridExecuteTest@26be92ad]" name="UnderTest" duration-ms="16802" started-at="2017-01-04T06:24:41Z" data-provider="hybridData" finished-at="2017-01-04T06:24:57Z">
          <params>
            <param index="0">
              <value>
                <![CDATA[TC010]]>
              </value>
            </param>
            <param index="1">
              <value>
                <![CDATA[Get point of Element]]>
              </value>
            </param>
            <param index="2">
              <value>
                <![CDATA[]]>
              </value>
            </param>
            <param index="3">
              <value>
                <![CDATA[]]>
              </value>
            </param>
            <param index="4">
              <value>
                <![CDATA[]]>
              </value>
            </param>
            <param index="5">
              <value>
                <![CDATA[]]>
              </value>
            </param>
          </params>
          <reporter-output>
          </reporter-output>
        </test-method> <!-- UnderTest -->
        <test-method status="PASS" signature="UnderTest(java.lang.String, java.lang.String, java.lang.String, java.lang.String, java.lang.String, java.lang.String)[pri:0, instance:testCases.HybridExecuteTest@26be92ad]" name="UnderTest" duration-ms="6561" started-at="2017-01-04T06:24:57Z" data-provider="hybridData" finished-at="2017-01-04T06:25:04Z">
          <params>
            <param index="0">
              <value>
                <![CDATA[]]>
              </value>
            </param>
            <param index="1">
              <value>
                <![CDATA[]]>
              </value>
            </param>
            <param index="2">
              <value>
                <![CDATA[GOTOURL]]>
              </value>
            </param>
            <param index="3">
              <value>
                <![CDATA[]]>
              </value>
            </param>
            <param index="4">
              <value>
                <![CDATA[]]>
              </value>
            </param>
            <param index="5">
              <value>
                <![CDATA[Website]]>
              </value>
            </param>
          </params>
          <reporter-output>
          </reporter-output>
        </test-method> <!-- UnderTest -->
        <test-method status="PASS" signature="UnderTest(java.lang.String, java.lang.String, java.lang.String, java.lang.String, java.lang.String, java.lang.String)[pri:0, instance:testCases.HybridExecuteTest@26be92ad]" name="UnderTest" duration-ms="3001" started-at="2017-01-04T06:25:04Z" data-provider="hybridData" finished-at="2017-01-04T06:25:07Z">
          <params>
            <param index="0">
              <value>
                <![CDATA[]]>
              </value>
            </param>
            <param index="1">
              <value>
                <![CDATA[]]>
              </value>
            </param>
            <param index="2">
              <value>
                <![CDATA[THREAD]]>
              </value>
            </param>
            <param index="3">
              <value>
                <![CDATA[]]>
              </value>
            </param>
            <param index="4">
              <value>
                <![CDATA[]]>
              </value>
            </param>
            <param index="5">
              <value>
                <![CDATA[]]>
              </value>
            </param>
          </params>
          <reporter-output>
          </reporter-output>
        </test-method> <!-- UnderTest -->
        <test-method status="PASS" signature="UnderTest(java.lang.String, java.lang.String, java.lang.String, java.lang.String, java.lang.String, java.lang.String)[pri:0, instance:testCases.HybridExecuteTest@26be92ad]" name="UnderTest" duration-ms="407" started-at="2017-01-04T06:25:07Z" data-provider="hybridData" finished-at="2017-01-04T06:25:07Z">
          <params>
            <param index="0">
              <value>
                <![CDATA[]]>
              </value>
            </param>
            <param index="1">
              <value>
                <![CDATA[]]>
              </value>
            </param>
            <param index="2">
              <value>
                <![CDATA[GETPOINTOFELEMENT]]>
              </value>
            </param>
            <param index="3">
              <value>
                <![CDATA[PointofSM]]>
              </value>
            </param>
            <param index="4">
              <value>
                <![CDATA[LINKTEXT]]>
              </value>
            </param>
            <param index="5">
              <value>
                <![CDATA[]]>
              </value>
            </param>
          </params>
          <reporter-output>
          </reporter-output>
        </test-method> <!-- UnderTest -->
        <test-method status="PASS" signature="UnderTest(java.lang.String, java.lang.String, java.lang.String, java.lang.String, java.lang.String, java.lang.String)[pri:0, instance:testCases.HybridExecuteTest@26be92ad]" name="UnderTest" duration-ms="46" started-at="2017-01-04T06:25:07Z" data-provider="hybridData" finished-at="2017-01-04T06:25:07Z">
          <params>
            <param index="0">
              <value>
                <![CDATA[]]>
              </value>
            </param>
            <param index="1">
              <value>
                <![CDATA[]]>
              </value>
            </param>
            <param index="2">
              <value>
                <![CDATA[CLOSE]]>
              </value>
            </param>
            <param index="3">
              <value>
                <![CDATA[]]>
              </value>
            </param>
            <param index="4">
              <value>
                <![CDATA[]]>
              </value>
            </param>
            <param index="5">
              <value>
                <![CDATA[]]>
              </value>
            </param>
          </params>
          <reporter-output>
          </reporter-output>
        </test-method> <!-- UnderTest -->
        <test-method status="PASS" signature="UnderTest(java.lang.String, java.lang.String, java.lang.String, java.lang.String, java.lang.String, java.lang.String)[pri:0, instance:testCases.HybridExecuteTest@26be92ad]" name="UnderTest" duration-ms="21056" started-at="2017-01-04T06:25:07Z" data-provider="hybridData" finished-at="2017-01-04T06:25:29Z">
          <params>
            <param index="0">
              <value>
                <![CDATA[TC011]]>
              </value>
            </param>
            <param index="1">
              <value>
                <![CDATA[Iframe Handling]]>
              </value>
            </param>
            <param index="2">
              <value>
                <![CDATA[GOTOURL]]>
              </value>
            </param>
            <param index="3">
              <value>
                <![CDATA[]]>
              </value>
            </param>
            <param index="4">
              <value>
                <![CDATA[]]>
              </value>
            </param>
            <param index="5">
              <value>
                <![CDATA[Website]]>
              </value>
            </param>
          </params>
          <reporter-output>
          </reporter-output>
        </test-method> <!-- UnderTest -->
        <test-method status="PASS" signature="UnderTest(java.lang.String, java.lang.String, java.lang.String, java.lang.String, java.lang.String, java.lang.String)[pri:0, instance:testCases.HybridExecuteTest@26be92ad]" name="UnderTest" duration-ms="445" started-at="2017-01-04T06:25:29Z" data-provider="hybridData" finished-at="2017-01-04T06:25:29Z">
          <params>
            <param index="0">
              <value>
[...]
          <params>
            <param index="0">
              <value>
                <![CDATA[]]>
              </value>
            </param>
            <param index="1">
              <value>
                <![CDATA[]]>
              </value>
            </param>
            <param index="2">
              <value>
                <![CDATA[SENDKEYS]]>
              </value>
            </param>
            <param index="3">
              <value>
                <![CDATA[SRCField]]>
              </value>
            </param>
            <param index="4">
              <value>
                <![CDATA[XPATH]]>
              </value>
            </param>
            <param index="5">
              <value>
                <![CDATA[SQL SERVER]]>
              </value>
            </param>
          </params>
          <reporter-output>
          </reporter-output>
        </test-method> <!-- UnderTest -->
        <test-method status="PASS" signature="UnderTest(java.lang.String, java.lang.String, java.lang.String, java.lang.String, java.lang.String, java.lang.String)[pri:0, instance:testCases.HybridExecuteTest@26be92ad]" name="UnderTest" duration-ms="65" started-at="2017-01-04T06:25:33Z" data-provider="hybridData" finished-at="2017-01-04T06:25:34Z">
          <params>
            <param index="0">
              <value>
                <![CDATA[]]>
              </value>
            </param>
            <param index="1">
              <value>
                <![CDATA[]]>
              </value>
            </param>
            <param index="2">
              <value>
                <![CDATA[CLOSE]]>
              </value>
            </param>
            <param index="3">
              <value>
                <![CDATA[]]>
              </value>
            </param>
            <param index="4">
              <value>
                <![CDATA[]]>
              </value>
            </param>
            <param index="5">
              <value>
                <![CDATA[]]>
              </value>
            </param>
          </params>
          <reporter-output>
          </reporter-output>
        </test-method> <!-- UnderTest -->
        <test-method status="PASS" signature="UnderTest(java.lang.String, java.lang.String, java.lang.String, java.lang.String, java.lang.String, java.lang.String)[pri:0, instance:testCases.HybridExecuteTest@26be92ad]" name="UnderTest" duration-ms="15835" started-at="2017-01-04T06:25:34Z" data-provider="hybridData" finished-at="2017-01-04T06:25:49Z">
          <params>
            <param index="0">
              <value>
                <![CDATA[TC012]]>
              </value>
            </param>
            <param index="1">
              <value>
                <![CDATA[File downloading]]>
              </value>
            </param>
            <param index="2">
              <value>
                <![CDATA[]]>
              </value>
            </param>
            <param index="3">
              <value>
                <![CDATA[]]>
              </value>
            </param>
            <param index="4">
              <value>
                <![CDATA[]]>
              </value>
            </param>
            <param index="5">
              <value>
                <![CDATA[]]>
              </value>
            </param>
          </params>
          <reporter-output>
          </reporter-output>
        </test-method> <!-- UnderTest -->
        <test-method status="PASS" signature="UnderTest(java.lang.String, java.lang.String, java.lang.String, java.lang.String, java.lang.String, java.lang.String)[pri:0, instance:testCases.HybridExecuteTest@26be92ad]" name="UnderTest" duration-ms="5793" started-at="2017-01-04T06:25:49Z" data-provider="hybridData" finished-at="2017-01-04T06:25:55Z">
          <params>
            <param index="0">
              <value>
                <![CDATA[]]>
              </value>
            </param>
            <param index="1">
              <value>
                <![CDATA[]]>
              </value>
            </param>
            <param index="2">
              <value>
                <![CDATA[GOTOURL]]>
              </value>
            </param>
            <param index="3">
              <value>
                <![CDATA[]]>
              </value>
            </param>
            <param index="4">
              <value>
                <![CDATA[]]>
              </value>
            </param>
            <param index="5">
              <value>
                <![CDATA[Website]]>
              </value>
            </param>
          </params>
          <reporter-output>
          </reporter-output>
        </test-method> <!-- UnderTest -->
        <test-method status="PASS" signature="UnderTest(java.lang.String, java.lang.String, java.lang.String, java.lang.String, java.lang.String, java.lang.String)[pri:0, instance:testCases.HybridExecuteTest@26be92ad]" name="UnderTest" duration-ms="4124" started-at="2017-01-04T06:25:55Z" data-provider="hybridData" finished-at="2017-01-04T06:25:59Z">
          <params>
            <param index="0">
              <value>
                <![CDATA[]]>
              </value>
            </param>
            <param index="1">
              <value>
                <![CDATA[]]>
              </value>
            </param>
            <param index="2">
              <value>
                <![CDATA[FILEDOWNLOAD]]>
              </value>
            </param>
            <param index="3">
              <value>
                <![CDATA[Filedown]]>
              </value>
            </param>
            <param index="4">
              <value>
                <![CDATA[XPATH]]>
              </value>
            </param>
            <param index="5">
              <value>
                <![CDATA[]]>
              </value>
            </param>
          </params>
          <reporter-output>
          </reporter-output>
        </test-method> <!-- UnderTest -->
        <test-method status="PASS" signature="UnderTest(java.lang.String, java.lang.String, java.lang.String, java.lang.String, java.lang.String, java.lang.String)[pri:0, instance:testCases.HybridExecuteTest@26be92ad]" name="UnderTest" duration-ms="3004" started-at="2017-01-04T06:25:59Z" data-provider="hybridData" finished-at="2017-01-04T06:26:02Z">
          <params>
            <param index="0">
              <value>
                <![CDATA[]]>
              </value>
            </param>
            <param index="1">
              <value>
                <![CDATA[]]>
              </value>
            </param>
            <param index="2">
              <value>
                <![CDATA[THREAD]]>
              </value>
            </param>
            <param index="3">
              <value>
                <![CDATA[]]>
              </value>
            </param>
            <param index="4">
              <value>
                <![CDATA[]]>
              </value>
            </param>
            <param index="5">
              <value>
                <![CDATA[]]>
              </value>
            </param>
          </params>
          <reporter-output>
          </reporter-output>
        </test-method> <!-- UnderTest -->
        <test-method status="PASS" signature="UnderTest(java.lang.String, java.lang.String, java.lang.String, java.lang.String, java.lang.String, java.lang.String)[pri:0, instance:testCases.HybridExecuteTest@26be92ad]" name="UnderTest" duration-ms="55" started-at="2017-01-04T06:26:02Z" data-provider="hybridData" finished-at="2017-01-04T06:26:02Z">
          <params>
            <param index="0">
              <value>
                <![CDATA[]]>
              </value>
            </param>
            <param index="1">
              <value>
                <![CDATA[]]>
              </value>
            </param>
            <param index="2">
              <value>
                <![CDATA[CLOSE]]>
              </value>
            </param>
            <param index="3">
              <value>
                <![CDATA[]]>
              </value>
            </param>
            <param index="4">
              <value>
                <![CDATA[]]>
              </value>
            </param>
            <param index="5">
              <value>
                <![CDATA[]]>
              </value>
            </param>
          </params>
          <reporter-output>
          </reporter-output>
        </test-method> <!-- UnderTest -->
        <test-method status="PASS" signature="UnderTest(java.lang.String, java.lang.String, java.lang.String, java.lang.String, java.lang.String, java.lang.String)[pri:0, instance:testCases.HybridExecuteTest@26be92ad]" name="UnderTest" duration-ms="11715" started-at="2017-01-04T06:26:02Z" data-provider="hybridData" finished-at="2017-01-04T06:26:14Z">
          <params>
            <param index="0">
              <value>
                <![CDATA[TC013]]>
              </value>
            </param>
            <param index="1">
              <value>
                <![CDATA[Data Handling]]>
              </value>
            </param>
            <param index="2">
              <value>
                <![CDATA[]]>
              </value>
            </param>
            <param index="3">
              <value>
                <![CDATA[]]>
              </value>
            </param>
            <param index="4">
              <value>
                <![CDATA[]]>
              </value>
            </param>
            <param index="5">
              <value>
                <![CDATA[]]>
              </value>
            </param>
          </params>
          <reporter-output>
          </reporter-output>
        </test-method> <!-- UnderTest -->
        <test-method status="PASS" signature="UnderTest(java.lang.String, java.lang.String, java.lang.String, java.lang.String, java.lang.String, java.lang.String)[pri:0, instance:testCases.HybridExecuteTest@26be92ad]" name="UnderTest" duration-ms="1276" started-at="2017-01-04T06:26:14Z" data-provider="hybridData" finished-at="2017-01-04T06:26:15Z">
          <params>
            <param index="0">
              <value>
                <![CDATA[]]>
              </value>
            </param>
            <param index="1">
              <value>
                <![CDATA[]]>
              </value>
            </param>
            <param index="2">
              <value>
                <![CDATA[GOTOURL]]>
              </value>
            </param>
            <param index="3">
              <value>
                <![CDATA[]]>
              </value>
            </param>
            <param index="4">
              <value>
                <![CDATA[]]>
              </value>
            </param>
            <param index="5">
              <value>
                <![CDATA[Website2]]>
              </value>
            </param>
          </params>
          <reporter-output>
          </reporter-output>
        </test-method> <!-- UnderTest -->
        <test-method status="PASS" signature="UnderTest(java.lang.String, java.lang.String, java.lang.String, java.lang.String, java.lang.String, java.lang.String)[pri:0, instance:testCases.HybridExecuteTest@26be92ad]" name="UnderTest" duration-ms="1246" started-at="2017-01-04T06:26:15Z" data-provider="hybridData" finished-at="2017-01-04T06:26:17Z">
          <params>
            <param index="0">
              <value>
                <![CDATA[]]>
              </value>
            </param>
            <param index="1">
              <value>
                <![CDATA[]]>
              </value>
            </param>
            <param index="2">
              <value>
                <![CDATA[CLICK]]>
              </value>
            </param>
            <param index="3">
              <value>
                <![CDATA[StartDateBox]]>
              </value>
            </param>
            <param index="4">
              <value>
                <![CDATA[ID]]>
              </value>
            </param>
            <param index="5">
              <value>
                <![CDATA[]]>
              </value>
            </param>
          </params>
          <reporter-output>
          </reporter-output>
        </test-method> <!-- UnderTest -->
        <test-method status="PASS" signature="UnderTest(java.lang.String, java.lang.String, java.lang.String, java.lang.String, java.lang.String, java.lang.String)[pri:0, instance:testCases.HybridExecuteTest@26be92ad]" name="UnderTest" duration-ms="317" started-at="2017-01-04T06:26:17Z" data-provider="hybridData" finished-at="2017-01-04T06:26:17Z">
          <params>
            <param index="0">
              <value>
                <![CDATA[]]>
              </value>
            </param>
            <param index="1">
              <value>
                <![CDATA[]]>
              </value>
            </param>
            <param index="2">
              <value>
                <![CDATA[CLICK]]>
              </value>
            </param>
            <param index="3">
              <value>
                <![CDATA[StartDate]]>
              </value>
            </param>
            <param index="4">
              <value>
                <![CDATA[XPATH]]>
              </value>
            </param>
            <param index="5">
              <value>
                <![CDATA[]]>
              </value>
            </param>
          </params>
          <reporter-output>
          </reporter-output>
        </test-method> <!-- UnderTest -->
        <test-method status="PASS" signature="UnderTest(java.lang.String, java.lang.String, java.lang.String, java.lang.String, java.lang.String, java.lang.String)[pri:0, instance:testCases.HybridExecuteTest@26be92ad]" name="UnderTest" duration-ms="3002" started-at="2017-01-04T06:26:17Z" data-provider="hybridData" finished-at="2017-01-04T06:26:20Z">
          <params>
            <param index="0">
              <value>
                <![CDATA[]]>
              </value>
            </param>
            <param index="1">
              <value>
                <![CDATA[]]>
              </value>
            </param>
            <param index="2">
              <value>
                <![CDATA[THREAD]]>
              </value>
            </param>
            <param index="3">
              <value>
                <![CDATA[]]>
              </value>
            </param>
            <param index="4">
              <value>
                <![CDATA[]]>
              </value>
            </param>
            <param index="5">
              <value>
                <![CDATA[]]>
              </value>
            </param>
          </params>
          <reporter-output>
          </reporter-output>
        </test-method> <!-- UnderTest -->
        <test-method status="PASS" signature="UnderTest(java.lang.String, java.lang.String, java.lang.String, java.lang.String, java.lang.String, java.lang.String)[pri:0, instance:testCases.HybridExecuteTest@26be92ad]" name="UnderTest" duration-ms="272" started-at="2017-01-04T06:26:20Z" data-provider="hybridData" finished-at="2017-01-04T06:26:20Z">
          <params>
            <param index="0">
              <value>
                <![CDATA[]]>
              </value>
            </param>
            <param index="1">
              <value>
                <![CDATA[]]>
              </value>
            </param>
            <param index="2">
              <value>
                <![CDATA[CLICK]]>
              </value>
            </param>
            <param index="3">
              <value>
                <![CDATA[EndDateBox]]>
              </value>
            </param>
            <param index="4">
              <value>
                <![CDATA[ID]]>
              </value>
            </param>
            <param index="5">
              <value>
                <![CDATA[]]>
              </value>
            </param>
          </params>
          <reporter-output>
          </reporter-output>
        </test-method> <!-- UnderTest -->
        <test-method status="PASS" signature="UnderTest(java.lang.String, java.lang.String, java.lang.String, java.lang.String, java.lang.String, java.lang.String)[pri:0, instance:testCases.HybridExecuteTest@26be92ad]" name="UnderTest" duration-ms="254" started-at="2017-01-04T06:26:20Z" data-provider="hybridData" finished-at="2017-01-04T06:26:21Z">
          <params>
            <param index="0">
              <value>
                <![CDATA[]]>
              </value>
            </param>
            <param index="1">
              <value>
                <![CDATA[]]>
              </value>
            </param>
            <param index="2">
              <value>
                <![CDATA[CLICK]]>
              </value>
            </param>
            <param index="3">
              <value>
                <![CDATA[EndDate]]>
              </value>
            </param>
            <param index="4">
              <value>
                <![CDATA[XPATH]]>
              </value>
            </param>
            <param index="5">
              <value>
                <![CDATA[]]>
              </value>
            </param>
          </params>
          <reporter-output>
          </reporter-output>
        </test-method> <!-- UnderTest -->
        <test-method status="PASS" signature="UnderTest(java.lang.String, java.lang.String, java.lang.String, java.lang.String, java.lang.String, java.lang.String)[pri:0, instance:testCases.HybridExecuteTest@26be92ad]" name="UnderTest" duration-ms="3001" started-at="2017-01-04T06:26:21Z" data-provider="hybridData" finished-at="2017-01-04T06:26:24Z">
          <params>
            <param index="0">
              <value>
                <![CDATA[]]>
              </value>
            </param>
            <param index="1">
              <value>
                <![CDATA[]]>
              </value>
            </param>
            <param index="2">
              <value>
                <![CDATA[THREAD]]>
              </value>
            </param>
            <param index="3">
              <value>
                <![CDATA[]]>
              </value>
            </param>
            <param index="4">
              <value>
                <![CDATA[]]>
              </value>
            </param>
            <param index="5">
              <value>
                <![CDATA[]]>
              </value>
            </param>
          </params>
          <reporter-output>
          </reporter-output>
        </test-method> <!-- UnderTest -->
        <test-method status="PASS" signature="UnderTest(java.lang.String, java.lang.String, java.lang.String, java.lang.String, java.lang.String, java.lang.String)[pri:0, instance:testCases.HybridExecuteTest@26be92ad]" name="UnderTest" duration-ms="47" started-at="2017-01-04T06:26:24Z" data-provider="hybridData" finished-at="2017-01-04T06:26:24Z">
          <params>
            <param index="0">
              <value>
                <![CDATA[]]>
              </value>
            </param>
            <param index="1">
              <value>
                <![CDATA[]]>
              </value>
            </param>
            <param index="2">
              <value>
                <![CDATA[CLOSE]]>
              </value>
            </param>
            <param index="3">
              <value>
                <![CDATA[]]>
              </value>
            </param>
            <param index="4">
              <value>
                <![CDATA[]]>
              </value>
            </param>
            <param index="5">
              <value>
                <![CDATA[]]>
              </value>
            </param>
          </params>
          <reporter-output>
          </reporter-output>
        </test-method> <!-- UnderTest -->
      </class> <!-- testCases.HybridExecuteTest -->
    </test> <!-- Test -->
  </suite> <!-- HybridSuite -->
</testng-results>
