<?xml version="1.0" encoding="UTF-8"?>
<!-- Generated by org.testng.reporters.JUnitXMLReporter -->
<testsuite hostname="DESKTOP-7UFOCNL" name="Test" tests="85" failures="0" timestamp="4 Jan 2017 11:26:27 GMT" time="407.933" errors="0">
  <testcase name="UnderTest" time="60.626" classname="testCases.HybridExecuteTest"/>
  <testcase name="UnderTest" time="15.293" classname="testCases.HybridExecuteTest"/>
  <testcase name="UnderTest" time="1.624" classname="testCases.HybridExecuteTest"/>
  <testcase name="UnderTest" time="0.763" classname="testCases.HybridExecuteTest"/>
  <testcase name="UnderTest" time="3.657" classname="testCases.HybridExecuteTest"/>
  <testcase name="UnderTest" time="3.852" classname="testCases.HybridExecuteTest"/>
  <testcase name="UnderTest" time="1.647" classname="testCases.HybridExecuteTest"/>
  <testcase name="UnderTest" time="10.395" classname="testCases.HybridExecuteTest"/>
  <testcase name="UnderTest" time="34.664" classname="testCases.HybridExecuteTest"/>
  <testcase name="UnderTest" time="0.857" classname="testCases.HybridExecuteTest"/>
  <testcase name="UnderTest" time="3.003" classname="testCases.HybridExecuteTest"/>
  <testcase name="UnderTest" time="0.22" classname="testCases.HybridExecuteTest"/>
  <testcase name="UnderTest" time="0.337" classname="testCases.HybridExecuteTest"/>
  <testcase name="UnderTest" time="3.005" classname="testCases.HybridExecuteTest"/>
  <testcase name="UnderTest" time="0.38" classname="testCases.HybridExecuteTest"/>
  <testcase name="UnderTest" time="0.314" classname="testCases.HybridExecuteTest"/>
  <testcase name="UnderTest" time="3.002" classname="testCases.HybridExecuteTest"/>
  <testcase name="UnderTest" time="0.334" classname="testCases.HybridExecuteTest"/>
  <testcase name="UnderTest" time="1.006" classname="testCases.HybridExecuteTest"/>
  <testcase name="UnderTest" time="21.196" classname="testCases.HybridExecuteTest"/>
  <testcase name="UnderTest" time="0.373" classname="testCases.HybridExecuteTest"/>
  <testcase name="UnderTest" time="2.095" classname="testCases.HybridExecuteTest"/>
  <testcase name="UnderTest" time="11.753" classname="testCases.HybridExecuteTest"/>
  <testcase name="UnderTest" time="5.448" classname="testCases.HybridExecuteTest"/>
  <testcase name="UnderTest" time="0.469" classname="testCases.HybridExecuteTest"/>
  <testcase name="UnderTest" time="2.172" classname="testCases.HybridExecuteTest"/>
  <testcase name="UnderTest" time="1.047" classname="testCases.HybridExecuteTest"/>
  <testcase name="UnderTest" time="0.1" classname="testCases.HybridExecuteTest"/>
  <testcase name="UnderTest" time="3.003" classname="testCases.HybridExecuteTest"/>
  <testcase name="UnderTest" time="0.924" classname="testCases.HybridExecuteTest"/>
  <testcase name="UnderTest" time="12.422" classname="testCases.HybridExecuteTest"/>
  <testcase name="UnderTest" time="0.752" classname="testCases.HybridExecuteTest"/>
  <testcase name="UnderTest" time="2.541" classname="testCases.HybridExecuteTest"/>
  <testcase name="UnderTest" time="1.18" classname="testCases.HybridExecuteTest"/>
  <testcase name="UnderTest" time="3.002" classname="testCases.HybridExecuteTest"/>
  <testcase name="UnderTest" time="0.075" classname="testCases.HybridExecuteTest"/>
  <testcase name="UnderTest" time="10.075" classname="testCases.HybridExecuteTest"/>
  <testcase name="UnderTest" time="6.736" classname="testCases.HybridExecuteTest"/>
  <testcase name="UnderTest" time="1.556" classname="testCases.HybridExecuteTest"/>
  <testcase name="UnderTest" time="3.004" classname="testCases.HybridExecuteTest"/>
  <testcase name="UnderTest" time="0.084" classname="testCases.HybridExecuteTest"/>
  <testcase name="UnderTest" time="12.44" classname="testCases.HybridExecuteTest"/>
  <testcase name="UnderTest" time="5.661" classname="testCases.HybridExecuteTest"/>
  <testcase name="UnderTest" time="2.911" classname="testCases.HybridExecuteTest"/>
  <testcase name="UnderTest" time="3.002" classname="testCases.HybridExecuteTest"/>
  <testcase name="UnderTest" time="0.043" classname="testCases.HybridExecuteTest"/>
  <testcase name="UnderTest" time="10.666" classname="testCases.HybridExecuteTest"/>
  <testcase name="UnderTest" time="5.308" classname="testCases.HybridExecuteTest"/>
  <testcase name="UnderTest" time="0.99" classname="testCases.HybridExecuteTest"/>
  <testcase name="UnderTest" time="3.001" classname="testCases.HybridExecuteTest"/>
  <testcase name="UnderTest" time="0.09" classname="testCases.HybridExecuteTest"/>
  <testcase name="UnderTest" time="0.093" classname="testCases.HybridExecuteTest"/>
  <testcase name="UnderTest" time="11.549" classname="testCases.HybridExecuteTest"/>
  <testcase name="UnderTest" time="5.523" classname="testCases.HybridExecuteTest"/>
  <testcase name="UnderTest" time="0.282" classname="testCases.HybridExecuteTest"/>
  <testcase name="UnderTest" time="3.004" classname="testCases.HybridExecuteTest"/>
  <testcase name="UnderTest" time="1.02" classname="testCases.HybridExecuteTest"/>
  <testcase name="UnderTest" time="16.802" classname="testCases.HybridExecuteTest"/>
  <testcase name="UnderTest" time="6.561" classname="testCases.HybridExecuteTest"/>
  <testcase name="UnderTest" time="3.001" classname="testCases.HybridExecuteTest"/>
  <testcase name="UnderTest" time="0.407" classname="testCases.HybridExecuteTest"/>
  <testcase name="UnderTest" time="0.046" classname="testCases.HybridExecuteTest"/>
  <testcase name="UnderTest" time="21.056" classname="testCases.HybridExecuteTest"/>
  <testcase name="UnderTest" time="0.445" classname="testCases.HybridExecuteTest"/>
  <testcase name="UnderTest" time="1.926" classname="testCases.HybridExecuteTest"/>
  <testcase name="UnderTest" time="1.262" classname="testCases.HybridExecuteTest"/>
  <testcase name="UnderTest" time="0.068" classname="testCases.HybridExecuteTest"/>
  <testcase name="UnderTest" time="0.105" classname="testCases.HybridExecuteTest"/>
  <testcase name="UnderTest" time="0.827" classname="testCases.HybridExecuteTest"/>
  <testcase name="UnderTest" time="0.317" classname="testCases.HybridExecuteTest"/>
  <testcase name="UnderTest" time="0.065" classname="testCases.HybridExecuteTest"/>
  <testcase name="UnderTest" time="15.835" classname="testCases.HybridExecuteTest"/>
  <testcase name="UnderTest" time="5.793" classname="testCases.HybridExecuteTest"/>
  <testcase name="UnderTest" time="4.124" classname="testCases.HybridExecuteTest"/>
  <testcase name="UnderTest" time="3.004" classname="testCases.HybridExecuteTest"/>
  <testcase name="UnderTest" time="0.055" classname="testCases.HybridExecuteTest"/>
  <testcase name="UnderTest" time="11.715" classname="testCases.HybridExecuteTest"/>
  <testcase name="UnderTest" time="1.276" classname="testCases.HybridExecuteTest"/>
  <testcase name="UnderTest" time="1.246" classname="testCases.HybridExecuteTest"/>
  <testcase name="UnderTest" time="0.317" classname="testCases.HybridExecuteTest"/>
  <testcase name="UnderTest" time="3.002" classname="testCases.HybridExecuteTest"/>
  <testcase name="UnderTest" time="0.272" classname="testCases.HybridExecuteTest"/>
  <testcase name="UnderTest" time="0.254" classname="testCases.HybridExecuteTest"/>
  <testcase name="UnderTest" time="3.001" classname="testCases.HybridExecuteTest"/>
  <testcase name="UnderTest" time="0.047" classname="testCases.HybridExecuteTest"/>
</testsuite> <!-- Test -->
